Current Episode: 100
 Average reward over the last 100 episodes: 1.34
Last 100 episodes took time: 61.08594346046448
Current number of frames seen: 18817
Current random action probability: 0.9576440266405799


Current Episode: 200
 Average reward over the last 100 episodes: 1.1
Last 100 episodes took time: 66.8057153224945
Current number of frames seen: 36610
Current random action probability: 0.919244541479158


Current Episode: 300
 Average reward over the last 100 episodes: 1.2
Last 100 episodes took time: 118.42948985099792
Current number of frames seen: 54896
Current random action probability: 0.8813848236332829


Current Episode: 400
 Average reward over the last 100 episodes: 1.22
Last 100 episodes took time: 243.02379965782166
Current number of frames seen: 73330
Current random action probability: 0.8447967661719504


Current Episode: 500
 Average reward over the last 100 episodes: 1.18
Last 100 episodes took time: 241.54809594154358
Current number of frames seen: 91353
Current random action probability: 0.8104933508282303


Current Episode: 600
 Average reward over the last 100 episodes: 2.16
Last 100 episodes took time: 298.313462972641
Current number of frames seen: 112654
Current random action probability: 0.7717423733173905


Current Episode: 700
 Average reward over the last 100 episodes: 1.21
Last 100 episodes took time: 270.06478548049927
Current number of frames seen: 131295
Current random action probability: 0.7393537040680769


Current Episode: 800
 Average reward over the last 100 episodes: 1.82
Last 100 episodes took time: 305.33761954307556
Current number of frames seen: 151914
Current random action probability: 0.7051091948758758


Current Episode: 900
 Average reward over the last 100 episodes: 2.02
Last 100 episodes took time: 326.7738480567932
Current number of frames seen: 173389
Current random action probability: 0.6711281620954034


Current Episode: 1000
 Average reward over the last 100 episodes: 1.75
Last 100 episodes took time: 322.13728618621826
Current number of frames seen: 193889
Current random action probability: 0.6402188468736913


Current Episode: 1100
 Average reward over the last 100 episodes: 2.11
Last 100 episodes took time: 345.4919469356537
Current number of frames seen: 215334
Current random action probability: 0.6094070952056342


Current Episode: 1200
 Average reward over the last 100 episodes: 1.46
Last 100 episodes took time: 333.3073935508728
Current number of frames seen: 235322
Current random action probability: 0.5820253808869738


Current Episode: 1300
 Average reward over the last 100 episodes: 1.79
Last 100 episodes took time: 351.4482886791229
Current number of frames seen: 256117
Current random action probability: 0.554843172392116


Current Episode: 1400
 Average reward over the last 100 episodes: 0.7
Last 100 episodes took time: 309.9544186592102
Current number of frames seen: 274033
Current random action probability: 0.5324444932705408


Current Episode: 1500
 Average reward over the last 100 episodes: 1.4
Last 100 episodes took time: 352.20028591156006
Current number of frames seen: 294239
Current random action probability: 0.5082659329760462


Current Episode: 1600
 Average reward over the last 100 episodes: 1.49
Last 100 episodes took time: 367.26641750335693
Current number of frames seen: 314872
Current random action probability: 0.4847090655693165


Current Episode: 1700
 Average reward over the last 100 episodes: 2.4
Last 100 episodes took time: 415.007657289505
Current number of frames seen: 337379
Current random action probability: 0.4602559218431297


Current Episode: 1800
 Average reward over the last 100 episodes: 1.37
Last 100 episodes took time: 386.7495849132538
Current number of frames seen: 357886
Current random action probability: 0.4390514183807162


Current Episode: 1900
 Average reward over the last 100 episodes: 3.06
Last 100 episodes took time: 439.9065864086151
Current number of frames seen: 381642
Current random action probability: 0.4157057463750727


Current Episode: 2000
 Average reward over the last 100 episodes: 2.06
Last 100 episodes took time: 418.9102418422699
Current number of frames seen: 403886
Current random action probability: 0.3949726060396171


Current Episode: 2100
 Average reward over the last 100 episodes: 1.9
Last 100 episodes took time: 430.3235332965851
Current number of frames seen: 426412
Current random action probability: 0.37503019814548577


Current Episode: 2200
 Average reward over the last 100 episodes: 2.98
Last 100 episodes took time: 476.26544976234436
Current number of frames seen: 451217
Current random action probability: 0.3542330342882652


Current Episode: 2300
 Average reward over the last 100 episodes: 2.05
Last 100 episodes took time: 448.1488137245178
Current number of frames seen: 474150
Current random action probability: 0.3360328842105128


Current Episode: 2400
 Average reward over the last 100 episodes: 1.77
Last 100 episodes took time: 445.9674711227417
Current number of frames seen: 496767
Current random action probability: 0.31899960515521386


Current Episode: 2500
 Average reward over the last 100 episodes: 1.69
Last 100 episodes took time: 461.0946717262268
Current number of frames seen: 519943
Current random action probability: 0.302440633018228


Current Episode: 2600
 Average reward over the last 100 episodes: 1.62
Last 100 episodes took time: 450.8963768482208
Current number of frames seen: 542550
Current random action probability: 0.2871167260151672


Current Episode: 2700
 Average reward over the last 100 episodes: 1.71
Last 100 episodes took time: 436.363867521286
Current number of frames seen: 564287
Current random action probability: 0.27311520061054523


Current Episode: 2800
 Average reward over the last 100 episodes: 3.41
Last 100 episodes took time: 487.0065460205078
Current number of frames seen: 588067
Current random action probability: 0.2585785777388923


Current Episode: 2900
 Average reward over the last 100 episodes: 2.5
Last 100 episodes took time: 494.1727764606476
Current number of frames seen: 611778
Current random action probability: 0.24485452552406542


Current Episode: 3000
 Average reward over the last 100 episodes: 1.79
Last 100 episodes took time: 452.82840394973755
Current number of frames seen: 633670
Current random action probability: 0.2328309381627908


Current Episode: 3100
 Average reward over the last 100 episodes: 2.18
Last 100 episodes took time: 460.20382165908813
Current number of frames seen: 655638
Current random action probability: 0.22135907235552696


Current Episode: 3200
 Average reward over the last 100 episodes: 2.54
Last 100 episodes took time: 496.11834836006165
Current number of frames seen: 679215
Current random action probability: 0.20967505652377774


Current Episode: 3300
 Average reward over the last 100 episodes: 1.83
Last 100 episodes took time: 432.80398774147034
Current number of frames seen: 699630
Current random action probability: 0.20005742062173776


Current Episode: 3400
 Average reward over the last 100 episodes: 2.69
Last 100 episodes took time: 492.98649525642395
Current number of frames seen: 722886
Current random action probability: 0.18963772981496863


Current Episode: 3500
 Average reward over the last 100 episodes: 2.47
Last 100 episodes took time: 496.53387117385864
Current number of frames seen: 746133
Current random action probability: 0.17976445407158112


Current Episode: 3600
 Average reward over the last 100 episodes: 2.53
Last 100 episodes took time: 508.2185916900635
Current number of frames seen: 769843
Current random action probability: 0.1702238512178356


Current Episode: 3700
 Average reward over the last 100 episodes: 2.79
Last 100 episodes took time: 552.3664283752441
Current number of frames seen: 795425
Current random action probability: 0.16049706809323203


Current Episode: 3800
 Average reward over the last 100 episodes: 2.03
Last 100 episodes took time: 476.0411548614502
Current number of frames seen: 817265
Current random action probability: 0.1526341096756463


Current Episode: 3900
 Average reward over the last 100 episodes: 2.57
Last 100 episodes took time: 513.7111983299255
Current number of frames seen: 840833
Current random action probability: 0.14458060252313137


Current Episode: 4000
 Average reward over the last 100 episodes: 2.04
Last 100 episodes took time: 527.5423257350922
Current number of frames seen: 864991
Current random action probability: 0.13676630837788697


Current Episode: 4100
 Average reward over the last 100 episodes: 3.52
Last 100 episodes took time: 553.5614664554596
Current number of frames seen: 889937
Current random action probability: 0.129140095290812


Current Episode: 4200
 Average reward over the last 100 episodes: 1.2
Last 100 episodes took time: 540.0298063755035
Current number of frames seen: 914187
Current random action probability: 0.12213448344541603


Current Episode: 4300
 Average reward over the last 100 episodes: 2.13
Last 100 episodes took time: 569.6926307678223
Current number of frames seen: 939881
Current random action probability: 0.11512592082035994


Current Episode: 4400
 Average reward over the last 100 episodes: 2.37
Last 100 episodes took time: 540.9506847858429
Current number of frames seen: 964241
Current random action probability: 0.10885300875027916


Current Episode: 4500
 Average reward over the last 100 episodes: 2.69
Last 100 episodes took time: 542.7266731262207
Current number of frames seen: 988633
Current random action probability: 0.10291431656663974


Current Episode: 4600
 Average reward over the last 100 episodes: 4.03
Last 100 episodes took time: 648.6550352573395
Current number of frames seen: 1017406
Current random action probability: 0.1


Current Episode: 4700
 Average reward over the last 100 episodes: 3.83
Last 100 episodes took time: 591.1997363567352
Current number of frames seen: 1043798
Current random action probability: 0.1


Current Episode: 4800
 Average reward over the last 100 episodes: 2.51
Last 100 episodes took time: 484.35320138931274
Current number of frames seen: 1065251
Current random action probability: 0.1


Current Episode: 4900
 Average reward over the last 100 episodes: 2.49
Last 100 episodes took time: 615.2188889980316
Current number of frames seen: 1092814
Current random action probability: 0.1


Current Episode: 5000
 Average reward over the last 100 episodes: 4.12
Last 100 episodes took time: 654.801299571991
Current number of frames seen: 1121918
Current random action probability: 0.1


Current Episode: 5100
 Average reward over the last 100 episodes: 2.91
Last 100 episodes took time: 602.823472738266
Current number of frames seen: 1148832
Current random action probability: 0.1


Current Episode: 5200
 Average reward over the last 100 episodes: 1.93
Last 100 episodes took time: 523.7278542518616
Current number of frames seen: 1172152
Current random action probability: 0.1


Current Episode: 5300
 Average reward over the last 100 episodes: 2.43
Last 100 episodes took time: 572.72265458107
Current number of frames seen: 1197770
Current random action probability: 0.1


Current Episode: 5400
 Average reward over the last 100 episodes: 2.18
Last 100 episodes took time: 584.137654542923
Current number of frames seen: 1223927
Current random action probability: 0.1


Current Episode: 5500
 Average reward over the last 100 episodes: 3.14
Last 100 episodes took time: 601.227201461792
Current number of frames seen: 1250829
Current random action probability: 0.1


Current Episode: 5600
 Average reward over the last 100 episodes: 4.13
Last 100 episodes took time: 676.4882915019989
Current number of frames seen: 1280369
Current random action probability: 0.1


Current Episode: 5700
 Average reward over the last 100 episodes: 3.3
Last 100 episodes took time: 658.1111721992493
Current number of frames seen: 1309890
Current random action probability: 0.1


Current Episode: 5800
 Average reward over the last 100 episodes: 4.08
Last 100 episodes took time: 539.5873708724976
Current number of frames seen: 1333862
Current random action probability: 0.1


Current Episode: 5900
 Average reward over the last 100 episodes: 2.85
Last 100 episodes took time: 589.0786142349243
Current number of frames seen: 1360122
Current random action probability: 0.1


Current Episode: 6000
 Average reward over the last 100 episodes: 4.92
Last 100 episodes took time: 652.8531260490417
Current number of frames seen: 1389137
Current random action probability: 0.1


Current Episode: 6100
 Average reward over the last 100 episodes: 3.03
Last 100 episodes took time: 633.8284122943878
Current number of frames seen: 1417335
Current random action probability: 0.1


Current Episode: 6200
 Average reward over the last 100 episodes: 2.37
Last 100 episodes took time: 633.3965158462524
Current number of frames seen: 1445551
Current random action probability: 0.1


Current Episode: 6300
 Average reward over the last 100 episodes: 2.78
Last 100 episodes took time: 587.2363986968994
Current number of frames seen: 1471715
Current random action probability: 0.1


Current Episode: 6400
 Average reward over the last 100 episodes: 3.94
Last 100 episodes took time: 671.4561078548431
Current number of frames seen: 1501655
Current random action probability: 0.1


Current Episode: 6500
 Average reward over the last 100 episodes: 2.82
Last 100 episodes took time: 555.2993302345276
Current number of frames seen: 1526356
Current random action probability: 0.1


Current Episode: 6600
 Average reward over the last 100 episodes: 2.42
Last 100 episodes took time: 686.0830252170563
Current number of frames seen: 1557091
Current random action probability: 0.1


Current Episode: 6700
 Average reward over the last 100 episodes: 2.98
Last 100 episodes took time: 616.4603796005249
Current number of frames seen: 1584590
Current random action probability: 0.1


Current Episode: 6800
 Average reward over the last 100 episodes: 3.73
Last 100 episodes took time: 659.7315866947174
Current number of frames seen: 1613708
Current random action probability: 0.1


Current Episode: 6900
 Average reward over the last 100 episodes: 3.07
Last 100 episodes took time: 546.5765008926392
Current number of frames seen: 1637916
Current random action probability: 0.1


Current Episode: 7000
 Average reward over the last 100 episodes: 1.58
Last 100 episodes took time: 527.3413596153259
Current number of frames seen: 1661095
Current random action probability: 0.1


Current Episode: 7100
 Average reward over the last 100 episodes: 1.97
Last 100 episodes took time: 464.45812249183655
Current number of frames seen: 1681707
Current random action probability: 0.1


Current Episode: 7200
 Average reward over the last 100 episodes: 3.13
Last 100 episodes took time: 562.2505214214325
Current number of frames seen: 1706853
Current random action probability: 0.1


Current Episode: 7300
 Average reward over the last 100 episodes: 3.0
Last 100 episodes took time: 596.7102212905884
Current number of frames seen: 1733421
Current random action probability: 0.1


Current Episode: 7400
 Average reward over the last 100 episodes: 4.03
Last 100 episodes took time: 615.5206718444824
Current number of frames seen: 1759979
Current random action probability: 0.1


Current Episode: 7500
 Average reward over the last 100 episodes: 3.36
Last 100 episodes took time: 595.5434215068817
Current number of frames seen: 1786521
Current random action probability: 0.1


Current Episode: 7600
 Average reward over the last 100 episodes: 3.94
Last 100 episodes took time: 604.1889808177948
Current number of frames seen: 1812989
Current random action probability: 0.1


Current Episode: 7700
 Average reward over the last 100 episodes: 3.0
Last 100 episodes took time: 584.0399324893951
Current number of frames seen: 1838069
Current random action probability: 0.1


Current Episode: 7800
 Average reward over the last 100 episodes: 3.98
Last 100 episodes took time: 709.2163684368134
Current number of frames seen: 1869239
Current random action probability: 0.1


Current Episode: 7900
 Average reward over the last 100 episodes: 2.74
Last 100 episodes took time: 581.4892220497131
Current number of frames seen: 1894909
Current random action probability: 0.1


Current Episode: 8000
 Average reward over the last 100 episodes: 2.87
Last 100 episodes took time: 624.7810876369476
Current number of frames seen: 1922683
Current random action probability: 0.1


Current Episode: 8100
 Average reward over the last 100 episodes: 2.85
Last 100 episodes took time: 519.2314312458038
Current number of frames seen: 1945874
Current random action probability: 0.1


Current Episode: 8200
 Average reward over the last 100 episodes: 3.55
Last 100 episodes took time: 682.5812153816223
Current number of frames seen: 1976213
Current random action probability: 0.1


Current Episode: 8300
 Average reward over the last 100 episodes: 2.6
Last 100 episodes took time: 657.7453696727753
Current number of frames seen: 2005333
Current random action probability: 0.1


Current Episode: 8400
 Average reward over the last 100 episodes: 3.14
Last 100 episodes took time: 615.7810490131378
Current number of frames seen: 2031943
Current random action probability: 0.1


Current Episode: 8500
 Average reward over the last 100 episodes: 2.37
Last 100 episodes took time: 596.4893169403076
Current number of frames seen: 2057585
Current random action probability: 0.1


Current Episode: 8600
 Average reward over the last 100 episodes: 3.15
Last 100 episodes took time: 543.0261616706848
Current number of frames seen: 2081331
Current random action probability: 0.1


Current Episode: 8700
 Average reward over the last 100 episodes: 3.95
Last 100 episodes took time: 533.1056733131409
Current number of frames seen: 2105053
Current random action probability: 0.1


Current Episode: 8800
 Average reward over the last 100 episodes: 3.47
Last 100 episodes took time: 554.3948557376862
Current number of frames seen: 2129532
Current random action probability: 0.1


Current Episode: 8900
 Average reward over the last 100 episodes: 3.52
Last 100 episodes took time: 604.718727350235
Current number of frames seen: 2156532
Current random action probability: 0.1


Current Episode: 9000
 Average reward over the last 100 episodes: 3.2
Last 100 episodes took time: 614.1541080474854
Current number of frames seen: 2183911
Current random action probability: 0.1


Current Episode: 9100
 Average reward over the last 100 episodes: 2.49
Last 100 episodes took time: 562.0077338218689
Current number of frames seen: 2208963
Current random action probability: 0.1


Current Episode: 9200
 Average reward over the last 100 episodes: 3.75
Last 100 episodes took time: 622.0959053039551
Current number of frames seen: 2236699
Current random action probability: 0.1


Current Episode: 9300
 Average reward over the last 100 episodes: 3.28
Last 100 episodes took time: 672.9388616085052
Current number of frames seen: 2266597
Current random action probability: 0.1


Current Episode: 9400
 Average reward over the last 100 episodes: 3.05
Last 100 episodes took time: 604.480012178421
Current number of frames seen: 2293468
Current random action probability: 0.1


Current Episode: 9500
 Average reward over the last 100 episodes: 2.13
Last 100 episodes took time: 552.8198528289795
Current number of frames seen: 2318011
Current random action probability: 0.1


Current Episode: 9600
 Average reward over the last 100 episodes: 2.88
Last 100 episodes took time: 620.9833233356476
Current number of frames seen: 2345525
Current random action probability: 0.1


Current Episode: 9700
 Average reward over the last 100 episodes: 2.64
Last 100 episodes took time: 612.0006535053253
Current number of frames seen: 2372575
Current random action probability: 0.1


Current Episode: 9800
 Average reward over the last 100 episodes: 2.89
Last 100 episodes took time: 593.8925290107727
Current number of frames seen: 2399229
Current random action probability: 0.1


Current Episode: 9900
 Average reward over the last 100 episodes: 2.71
Last 100 episodes took time: 611.0558388233185
Current number of frames seen: 2426317
Current random action probability: 0.1


Current Episode: 10000
 Average reward over the last 100 episodes: 2.22
Last 100 episodes took time: 653.7010242938995
Current number of frames seen: 2455186
Current random action probability: 0.1


Current Episode: 10100
 Average reward over the last 100 episodes: 2.28
Last 100 episodes took time: 598.8961544036865
Current number of frames seen: 2481780
Current random action probability: 0.1


Current Episode: 10200
 Average reward over the last 100 episodes: 2.53
Last 100 episodes took time: 571.6294803619385
Current number of frames seen: 2507120
Current random action probability: 0.1


Current Episode: 10300
 Average reward over the last 100 episodes: 2.49
Last 100 episodes took time: 664.8137741088867
Current number of frames seen: 2536869
Current random action probability: 0.1


Current Episode: 10400
 Average reward over the last 100 episodes: 2.75
Last 100 episodes took time: 489.6636598110199
Current number of frames seen: 2558613
Current random action probability: 0.1


Current Episode: 10500
 Average reward over the last 100 episodes: 2.32
Last 100 episodes took time: 628.034389257431
Current number of frames seen: 2586706
Current random action probability: 0.1


Current Episode: 10600
 Average reward over the last 100 episodes: 2.42
Last 100 episodes took time: 561.6443395614624
Current number of frames seen: 2611603
Current random action probability: 0.1


Current Episode: 10700
 Average reward over the last 100 episodes: 4.24
Last 100 episodes took time: 651.5808110237122
Current number of frames seen: 2640361
Current random action probability: 0.1


Current Episode: 10800
 Average reward over the last 100 episodes: 2.89
Last 100 episodes took time: 592.0746269226074
Current number of frames seen: 2666661
Current random action probability: 0.1


Current Episode: 10900
 Average reward over the last 100 episodes: 2.87
Last 100 episodes took time: 671.7578494548798
Current number of frames seen: 2695870
Current random action probability: 0.1


Current Episode: 11000
 Average reward over the last 100 episodes: 3.76
Last 100 episodes took time: 562.6897234916687
Current number of frames seen: 2720263
Current random action probability: 0.1


Current Episode: 11100
 Average reward over the last 100 episodes: 3.91
Last 100 episodes took time: 609.7113466262817
Current number of frames seen: 2746709
Current random action probability: 0.1


Current Episode: 11200
 Average reward over the last 100 episodes: 2.4
Last 100 episodes took time: 612.6476237773895
Current number of frames seen: 2773946
Current random action probability: 0.1


Current Episode: 11300
 Average reward over the last 100 episodes: 3.04
Last 100 episodes took time: 638.8083958625793
Current number of frames seen: 2801713
Current random action probability: 0.1


Current Episode: 11400
 Average reward over the last 100 episodes: 2.53
Last 100 episodes took time: 653.7130408287048
Current number of frames seen: 2830294
Current random action probability: 0.1


Current Episode: 11500
 Average reward over the last 100 episodes: 3.5
Last 100 episodes took time: 627.1202208995819
Current number of frames seen: 2857535
Current random action probability: 0.1


Current Episode: 11600
 Average reward over the last 100 episodes: 2.97
Last 100 episodes took time: 559.697033405304
Current number of frames seen: 2882466
Current random action probability: 0.1


Current Episode: 11700
 Average reward over the last 100 episodes: 2.53
Last 100 episodes took time: 592.7959711551666
Current number of frames seen: 2908933
Current random action probability: 0.1


Current Episode: 11800
 Average reward over the last 100 episodes: 2.61
Last 100 episodes took time: 551.6957268714905
Current number of frames seen: 2933306
Current random action probability: 0.1


Current Episode: 11900
 Average reward over the last 100 episodes: 4.05
Last 100 episodes took time: 676.3514187335968
Current number of frames seen: 2963063
Current random action probability: 0.1


Current Episode: 12000
 Average reward over the last 100 episodes: 3.96
Last 100 episodes took time: 657.5810930728912
Current number of frames seen: 2992293
Current random action probability: 0.1


Current Episode: 12100
 Average reward over the last 100 episodes: 2.69
Last 100 episodes took time: 623.2674541473389
Current number of frames seen: 3019659
Current random action probability: 0.1


Current Episode: 12200
 Average reward over the last 100 episodes: 3.0
Last 100 episodes took time: 635.0078608989716
Current number of frames seen: 3047211
Current random action probability: 0.1


Current Episode: 12300
 Average reward over the last 100 episodes: 3.35
Last 100 episodes took time: 671.5025043487549
Current number of frames seen: 3076293
Current random action probability: 0.1


Current Episode: 12400
 Average reward over the last 100 episodes: 3.14
Last 100 episodes took time: 609.0945281982422
Current number of frames seen: 3103206
Current random action probability: 0.1


Current Episode: 12500
 Average reward over the last 100 episodes: 2.89
Last 100 episodes took time: 664.7605338096619
Current number of frames seen: 3132660
Current random action probability: 0.1


Current Episode: 12600
 Average reward over the last 100 episodes: 3.19
Last 100 episodes took time: 649.617264509201
Current number of frames seen: 3161370
Current random action probability: 0.1


Current Episode: 12700
 Average reward over the last 100 episodes: 2.95
Last 100 episodes took time: 602.6354463100433
Current number of frames seen: 3188115
Current random action probability: 0.1


Current Episode: 12800
 Average reward over the last 100 episodes: 2.76
Last 100 episodes took time: 580.1366620063782
Current number of frames seen: 3213754
Current random action probability: 0.1


Current Episode: 12900
 Average reward over the last 100 episodes: 3.15
Last 100 episodes took time: 624.5760767459869
Current number of frames seen: 3240773
Current random action probability: 0.1


Current Episode: 13000
 Average reward over the last 100 episodes: 3.18
Last 100 episodes took time: 682.0568978786469
Current number of frames seen: 3270361
Current random action probability: 0.1


Current Episode: 13100
 Average reward over the last 100 episodes: 3.29
Last 100 episodes took time: 679.4381268024445
Current number of frames seen: 3300045
Current random action probability: 0.1


Current Episode: 13200
 Average reward over the last 100 episodes: 3.08
Last 100 episodes took time: 598.5572724342346
Current number of frames seen: 3326309
Current random action probability: 0.1


Current Episode: 13300
 Average reward over the last 100 episodes: 3.32
Last 100 episodes took time: 643.2478926181793
Current number of frames seen: 3354747
Current random action probability: 0.1


Current Episode: 13400
 Average reward over the last 100 episodes: 2.52
Last 100 episodes took time: 617.551479101181
Current number of frames seen: 3381765
Current random action probability: 0.1


Current Episode: 13500
 Average reward over the last 100 episodes: 1.99
Last 100 episodes took time: 605.6737072467804
Current number of frames seen: 3408331
Current random action probability: 0.1


Current Episode: 13600
 Average reward over the last 100 episodes: 3.41
Last 100 episodes took time: 655.6853113174438
Current number of frames seen: 3436855
Current random action probability: 0.1


Current Episode: 13700
 Average reward over the last 100 episodes: 2.8
Last 100 episodes took time: 639.1132321357727
Current number of frames seen: 3464857
Current random action probability: 0.1


Current Episode: 13800
 Average reward over the last 100 episodes: 2.91
Last 100 episodes took time: 678.7155027389526
Current number of frames seen: 3494717
Current random action probability: 0.1


Current Episode: 13900
 Average reward over the last 100 episodes: 3.95
Last 100 episodes took time: 655.6860523223877
Current number of frames seen: 3523625
Current random action probability: 0.1


Current Episode: 14000
 Average reward over the last 100 episodes: 2.81
Last 100 episodes took time: 638.0205864906311
Current number of frames seen: 3551951
Current random action probability: 0.1


Current Episode: 14100
 Average reward over the last 100 episodes: 3.17
Last 100 episodes took time: 646.1623182296753
Current number of frames seen: 3580645
Current random action probability: 0.1


Current Episode: 14200
 Average reward over the last 100 episodes: 3.32
Last 100 episodes took time: 672.4130222797394
Current number of frames seen: 3610474
Current random action probability: 0.1


Current Episode: 14300
 Average reward over the last 100 episodes: 3.67
Last 100 episodes took time: 692.3781003952026
Current number of frames seen: 3640848
Current random action probability: 0.1


Current Episode: 14400
 Average reward over the last 100 episodes: 3.24
Last 100 episodes took time: 595.1727521419525
Current number of frames seen: 3666708
Current random action probability: 0.1


Current Episode: 14500
 Average reward over the last 100 episodes: 2.73
Last 100 episodes took time: 667.6132183074951
Current number of frames seen: 3695836
Current random action probability: 0.1


Current Episode: 14600
 Average reward over the last 100 episodes: 2.24
Last 100 episodes took time: 560.894814491272
Current number of frames seen: 3720416
Current random action probability: 0.1


Current Episode: 14700
 Average reward over the last 100 episodes: 4.6
Last 100 episodes took time: 653.4775104522705
Current number of frames seen: 3749181
Current random action probability: 0.1


Current Episode: 14800
 Average reward over the last 100 episodes: 2.88
Last 100 episodes took time: 648.0703792572021
Current number of frames seen: 3777745
Current random action probability: 0.1


Current Episode: 14900
 Average reward over the last 100 episodes: 3.33
Last 100 episodes took time: 662.1225669384003
Current number of frames seen: 3806678
Current random action probability: 0.1


Current Episode: 15000
 Average reward over the last 100 episodes: 3.2
Last 100 episodes took time: 624.8623416423798
Current number of frames seen: 3833538
Current random action probability: 0.1


Current Episode: 15100
 Average reward over the last 100 episodes: 2.91
Last 100 episodes took time: 632.1144630908966
Current number of frames seen: 3861057
Current random action probability: 0.1


Current Episode: 15200
 Average reward over the last 100 episodes: 2.28
Last 100 episodes took time: 535.0867102146149
Current number of frames seen: 3884314
Current random action probability: 0.1


Current Episode: 15300
 Average reward over the last 100 episodes: 3.32
Last 100 episodes took time: 685.8475711345673
Current number of frames seen: 3913517
Current random action probability: 0.1


Current Episode: 15400
 Average reward over the last 100 episodes: 2.87
Last 100 episodes took time: 661.5315270423889
Current number of frames seen: 3941498
Current random action probability: 0.1


Current Episode: 15500
 Average reward over the last 100 episodes: 2.78
Last 100 episodes took time: 546.7653324604034
Current number of frames seen: 3965818
Current random action probability: 0.1


Current Episode: 15600
 Average reward over the last 100 episodes: 2.95
Last 100 episodes took time: 625.9033715724945
Current number of frames seen: 3993737
Current random action probability: 0.1


Current Episode: 15700
 Average reward over the last 100 episodes: 2.42
Last 100 episodes took time: 594.6270496845245
Current number of frames seen: 4019773
Current random action probability: 0.1


Current Episode: 15800
 Average reward over the last 100 episodes: 2.77
Last 100 episodes took time: 593.4805920124054
Current number of frames seen: 4045585
Current random action probability: 0.1


Current Episode: 15900
 Average reward over the last 100 episodes: 3.27
Last 100 episodes took time: 621.5149900913239
Current number of frames seen: 4072291
Current random action probability: 0.1


Current Episode: 16000
 Average reward over the last 100 episodes: 2.73
Last 100 episodes took time: 626.2616577148438
Current number of frames seen: 4099372
Current random action probability: 0.1


Current Episode: 16100
 Average reward over the last 100 episodes: 2.82
Last 100 episodes took time: 666.0085167884827
Current number of frames seen: 4128373
Current random action probability: 0.1


Current Episode: 16200
 Average reward over the last 100 episodes: 2.29
Last 100 episodes took time: 578.1386349201202
Current number of frames seen: 4153470
Current random action probability: 0.1


Current Episode: 16300
 Average reward over the last 100 episodes: 2.73
Last 100 episodes took time: 646.1388325691223
Current number of frames seen: 4181725
Current random action probability: 0.1


Current Episode: 16400
 Average reward over the last 100 episodes: 2.68
Last 100 episodes took time: 570.3341417312622
Current number of frames seen: 4206043
Current random action probability: 0.1


Current Episode: 16500
 Average reward over the last 100 episodes: 2.24
Last 100 episodes took time: 561.5764093399048
Current number of frames seen: 4229692
Current random action probability: 0.1


Current Episode: 16600
 Average reward over the last 100 episodes: 2.24
Last 100 episodes took time: 597.703179359436
Current number of frames seen: 4255771
Current random action probability: 0.1


Current Episode: 16700
 Average reward over the last 100 episodes: 2.59
Last 100 episodes took time: 562.6996691226959
Current number of frames seen: 4280193
Current random action probability: 0.1


Current Episode: 16800
 Average reward over the last 100 episodes: 2.32
Last 100 episodes took time: 606.7657301425934
Current number of frames seen: 4306747
Current random action probability: 0.1


Current Episode: 16900
 Average reward over the last 100 episodes: 2.26
Last 100 episodes took time: 598.5920979976654
Current number of frames seen: 4333186
Current random action probability: 0.1


Current Episode: 17000
 Average reward over the last 100 episodes: 2.75
Last 100 episodes took time: 615.115364074707
Current number of frames seen: 4359996
Current random action probability: 0.1


Current Episode: 17100
 Average reward over the last 100 episodes: 3.05
Last 100 episodes took time: 614.5536441802979
Current number of frames seen: 4386553
Current random action probability: 0.1


Current Episode: 17200
 Average reward over the last 100 episodes: 2.98
Last 100 episodes took time: 593.7250890731812
Current number of frames seen: 4412574
Current random action probability: 0.1


Current Episode: 17300
 Average reward over the last 100 episodes: 2.61
Last 100 episodes took time: 592.0828227996826
Current number of frames seen: 4438384
Current random action probability: 0.1


Current Episode: 17400
 Average reward over the last 100 episodes: 2.3
Last 100 episodes took time: 556.1150043010712
Current number of frames seen: 4462590
Current random action probability: 0.1


Current Episode: 17500
 Average reward over the last 100 episodes: 2.58
Last 100 episodes took time: 625.5106320381165
Current number of frames seen: 4489628
Current random action probability: 0.1


Current Episode: 17600
 Average reward over the last 100 episodes: 3.05
Last 100 episodes took time: 660.3964114189148
Current number of frames seen: 4518435
Current random action probability: 0.1


Current Episode: 17700
 Average reward over the last 100 episodes: 2.88
Last 100 episodes took time: 617.0387423038483
Current number of frames seen: 4545526
Current random action probability: 0.1


Current Episode: 17800
 Average reward over the last 100 episodes: 2.95
Last 100 episodes took time: 592.4324193000793
Current number of frames seen: 4571680
Current random action probability: 0.1


Current Episode: 17900
 Average reward over the last 100 episodes: 2.11
Last 100 episodes took time: 540.2610380649567
Current number of frames seen: 4595497
Current random action probability: 0.1


Current Episode: 18000
 Average reward over the last 100 episodes: 2.18
Last 100 episodes took time: 593.4246945381165
Current number of frames seen: 4621389
Current random action probability: 0.1


Current Episode: 18100
 Average reward over the last 100 episodes: 3.04
Last 100 episodes took time: 585.6990642547607
Current number of frames seen: 4646659
Current random action probability: 0.1


Current Episode: 18200
 Average reward over the last 100 episodes: 2.63
Last 100 episodes took time: 548.0518736839294
Current number of frames seen: 4670621
Current random action probability: 0.1


Current Episode: 18300
 Average reward over the last 100 episodes: 3.09
Last 100 episodes took time: 608.9274394512177
Current number of frames seen: 4697137
Current random action probability: 0.1


Current Episode: 18400
 Average reward over the last 100 episodes: 2.29
Last 100 episodes took time: 636.7645134925842
Current number of frames seen: 4725042
Current random action probability: 0.1


Current Episode: 18500
 Average reward over the last 100 episodes: 2.59
Last 100 episodes took time: 604.5582408905029
Current number of frames seen: 4751040
Current random action probability: 0.1


Current Episode: 18600
 Average reward over the last 100 episodes: 3.28
Last 100 episodes took time: 643.1123051643372
Current number of frames seen: 4778609
Current random action probability: 0.1


Current Episode: 18700
 Average reward over the last 100 episodes: 2.68
Last 100 episodes took time: 588.8974485397339
Current number of frames seen: 4803955
Current random action probability: 0.1


Current Episode: 18800
 Average reward over the last 100 episodes: 2.22
Last 100 episodes took time: 579.4850566387177
Current number of frames seen: 4829160
Current random action probability: 0.1


Current Episode: 18900
 Average reward over the last 100 episodes: 2.32
Last 100 episodes took time: 581.2314958572388
Current number of frames seen: 4854582
Current random action probability: 0.1


Current Episode: 19000
 Average reward over the last 100 episodes: 2.5
Last 100 episodes took time: 606.8600497245789
Current number of frames seen: 4881189
Current random action probability: 0.1


Current Episode: 19100
 Average reward over the last 100 episodes: 2.47
Last 100 episodes took time: 567.9211447238922
Current number of frames seen: 4906185
Current random action probability: 0.1


Current Episode: 19200
 Average reward over the last 100 episodes: 2.62
Last 100 episodes took time: 626.5781304836273
Current number of frames seen: 4933829
Current random action probability: 0.1


Current Episode: 19300
 Average reward over the last 100 episodes: 2.5
Last 100 episodes took time: 547.0605492591858
Current number of frames seen: 4957966
Current random action probability: 0.1


Current Episode: 19400
 Average reward over the last 100 episodes: 2.33
Last 100 episodes took time: 588.8957858085632
Current number of frames seen: 4984265
Current random action probability: 0.1


Current Episode: 19500
 Average reward over the last 100 episodes: 3.12
Last 100 episodes took time: 621.6286625862122
Current number of frames seen: 5011628
Current random action probability: 0.1


Current Episode: 19600
 Average reward over the last 100 episodes: 2.67
Last 100 episodes took time: 608.0313258171082
Current number of frames seen: 5038285
Current random action probability: 0.1


Current Episode: 19700
 Average reward over the last 100 episodes: 2.65
Last 100 episodes took time: 619.533704996109
Current number of frames seen: 5065626
Current random action probability: 0.1


Current Episode: 19800
 Average reward over the last 100 episodes: 2.71
Last 100 episodes took time: 585.8530786037445
Current number of frames seen: 5091507
Current random action probability: 0.1


Current Episode: 19900
 Average reward over the last 100 episodes: 3.0
Last 100 episodes took time: 666.0203664302826
Current number of frames seen: 5120936
Current random action probability: 0.1


Current Episode: 20000
 Average reward over the last 100 episodes: 2.29
Last 100 episodes took time: 581.9373743534088
Current number of frames seen: 5146417
Current random action probability: 0.1


Current Episode: 20100
 Average reward over the last 100 episodes: 3.09
Last 100 episodes took time: 619.6721007823944
Current number of frames seen: 5173772
Current random action probability: 0.1


Current Episode: 20200
 Average reward over the last 100 episodes: 2.17
Last 100 episodes took time: 583.7629117965698
Current number of frames seen: 5199403
Current random action probability: 0.1


Current Episode: 20300
 Average reward over the last 100 episodes: 2.5
Last 100 episodes took time: 615.3101260662079
Current number of frames seen: 5226345
Current random action probability: 0.1


Current Episode: 20400
 Average reward over the last 100 episodes: 3.03
Last 100 episodes took time: 614.8644375801086
Current number of frames seen: 5253542
Current random action probability: 0.1


Current Episode: 20500
 Average reward over the last 100 episodes: 2.61
Last 100 episodes took time: 601.1832764148712
Current number of frames seen: 5280402
Current random action probability: 0.1


Current Episode: 20600
 Average reward over the last 100 episodes: 2.27
Last 100 episodes took time: 561.9074923992157
Current number of frames seen: 5305390
Current random action probability: 0.1


Current Episode: 20700
 Average reward over the last 100 episodes: 2.34
Last 100 episodes took time: 633.9810407161713
Current number of frames seen: 5333473
Current random action probability: 0.1


Current Episode: 20800
 Average reward over the last 100 episodes: 2.23
Last 100 episodes took time: 578.8552801609039
Current number of frames seen: 5358999
Current random action probability: 0.1


Current Episode: 20900
 Average reward over the last 100 episodes: 2.48
Last 100 episodes took time: 559.3957884311676
Current number of frames seen: 5383986
Current random action probability: 0.1


Current Episode: 21000
 Average reward over the last 100 episodes: 2.57
Last 100 episodes took time: 621.2394070625305
Current number of frames seen: 5411243
Current random action probability: 0.1


Current Episode: 21100
 Average reward over the last 100 episodes: 2.34
Last 100 episodes took time: 591.027370929718
Current number of frames seen: 5437015
Current random action probability: 0.1


Current Episode: 21200
 Average reward over the last 100 episodes: 2.82
Last 100 episodes took time: 578.3421196937561
Current number of frames seen: 5462607
Current random action probability: 0.1


Current Episode: 21300
 Average reward over the last 100 episodes: 2.69
Last 100 episodes took time: 599.5111486911774
Current number of frames seen: 5489186
Current random action probability: 0.1


Current Episode: 21400
 Average reward over the last 100 episodes: 2.82
Last 100 episodes took time: 607.8663113117218
Current number of frames seen: 5516153
Current random action probability: 0.1


Current Episode: 21500
 Average reward over the last 100 episodes: 2.61
Last 100 episodes took time: 572.0721666812897
Current number of frames seen: 5541348
Current random action probability: 0.1


Current Episode: 21600
 Average reward over the last 100 episodes: 2.91
Last 100 episodes took time: 578.3742444515228
Current number of frames seen: 5566631
Current random action probability: 0.1


Current Episode: 21700
 Average reward over the last 100 episodes: 2.68
Last 100 episodes took time: 580.7356150150299
Current number of frames seen: 5591962
Current random action probability: 0.1


Current Episode: 21800
 Average reward over the last 100 episodes: 2.4
Last 100 episodes took time: 605.7847216129303
Current number of frames seen: 5618358
Current random action probability: 0.1


Current Episode: 21900
 Average reward over the last 100 episodes: 2.46
Last 100 episodes took time: 610.8029453754425
Current number of frames seen: 5645409
Current random action probability: 0.1


Current Episode: 22000
 Average reward over the last 100 episodes: 3.13
Last 100 episodes took time: 593.4364998340607
Current number of frames seen: 5671653
Current random action probability: 0.1


Current Episode: 22100
 Average reward over the last 100 episodes: 2.53
Last 100 episodes took time: 613.3681538105011
Current number of frames seen: 5698707
Current random action probability: 0.1


Current Episode: 22200
 Average reward over the last 100 episodes: 2.46
Last 100 episodes took time: 565.5519804954529
Current number of frames seen: 5723663
Current random action probability: 0.1


Current Episode: 22300
 Average reward over the last 100 episodes: 2.51
Last 100 episodes took time: 574.6132006645203
Current number of frames seen: 5749035
Current random action probability: 0.1


Current Episode: 22400
 Average reward over the last 100 episodes: 2.58
Last 100 episodes took time: 647.2083475589752
Current number of frames seen: 5777454
Current random action probability: 0.1


Current Episode: 22500
 Average reward over the last 100 episodes: 2.81
Last 100 episodes took time: 623.5079925060272
Current number of frames seen: 5804958
Current random action probability: 0.1


Current Episode: 22600
 Average reward over the last 100 episodes: 2.53
Last 100 episodes took time: 634.1019787788391
Current number of frames seen: 5832873
Current random action probability: 0.1


Current Episode: 22700
 Average reward over the last 100 episodes: 2.35
Last 100 episodes took time: 584.6450335979462
Current number of frames seen: 5858855
Current random action probability: 0.1


Current Episode: 22800
 Average reward over the last 100 episodes: 2.53
Last 100 episodes took time: 570.1432271003723
Current number of frames seen: 5884147
Current random action probability: 0.1


Current Episode: 22900
 Average reward over the last 100 episodes: 2.93
Last 100 episodes took time: 607.9612181186676
Current number of frames seen: 5911130
Current random action probability: 0.1


Current Episode: 23000
 Average reward over the last 100 episodes: 2.44
Last 100 episodes took time: 568.320764541626
Current number of frames seen: 5936468
Current random action probability: 0.1


Current Episode: 23100
 Average reward over the last 100 episodes: 3.25
Last 100 episodes took time: 613.2342665195465
Current number of frames seen: 5963445
Current random action probability: 0.1


Current Episode: 23200
 Average reward over the last 100 episodes: 2.53
Last 100 episodes took time: 625.646669626236
Current number of frames seen: 5990438
Current random action probability: 0.1


Current Episode: 23300
 Average reward over the last 100 episodes: 2.16
Last 100 episodes took time: 578.8333871364594
Current number of frames seen: 6015253
Current random action probability: 0.1


Current Episode: 23400
 Average reward over the last 100 episodes: 2.53
Last 100 episodes took time: 612.808155298233
Current number of frames seen: 6042218
Current random action probability: 0.1


Current Episode: 23500
 Average reward over the last 100 episodes: 2.53
Last 100 episodes took time: 600.7760560512543
Current number of frames seen: 6068657
Current random action probability: 0.1


Current Episode: 23600
 Average reward over the last 100 episodes: 2.66
Last 100 episodes took time: 614.2044026851654
Current number of frames seen: 6095625
Current random action probability: 0.1


Current Episode: 23700
 Average reward over the last 100 episodes: 2.71
Last 100 episodes took time: 574.8140320777893
Current number of frames seen: 6121082
Current random action probability: 0.1


Current Episode: 23800
 Average reward over the last 100 episodes: 2.13
Last 100 episodes took time: 574.3347656726837
Current number of frames seen: 6146422
Current random action probability: 0.1


Current Episode: 23900
 Average reward over the last 100 episodes: 2.45
Last 100 episodes took time: 582.1194434165955
Current number of frames seen: 6171957
Current random action probability: 0.1


Current Episode: 24000
 Average reward over the last 100 episodes: 2.5
Last 100 episodes took time: 591.4124178886414
Current number of frames seen: 6197605
Current random action probability: 0.1


Current Episode: 24100
 Average reward over the last 100 episodes: 2.33
Last 100 episodes took time: 570.853765964508
Current number of frames seen: 6222489
Current random action probability: 0.1


Current Episode: 24200
 Average reward over the last 100 episodes: 2.81
Last 100 episodes took time: 596.4185371398926
Current number of frames seen: 6248834
Current random action probability: 0.1


Current Episode: 24300
 Average reward over the last 100 episodes: 2.48
Last 100 episodes took time: 566.7597801685333
Current number of frames seen: 6273876
Current random action probability: 0.1


Current Episode: 24400
 Average reward over the last 100 episodes: 2.59
Last 100 episodes took time: 596.6891689300537
Current number of frames seen: 6300348
Current random action probability: 0.1


Current Episode: 24500
 Average reward over the last 100 episodes: 2.17
Last 100 episodes took time: 541.9505257606506
Current number of frames seen: 6324390
Current random action probability: 0.1


Current Episode: 24600
 Average reward over the last 100 episodes: 2.67
Last 100 episodes took time: 596.3449621200562
Current number of frames seen: 6350773
Current random action probability: 0.1


Current Episode: 24700
 Average reward over the last 100 episodes: 2.3
Last 100 episodes took time: 609.2014191150665
Current number of frames seen: 6377646
Current random action probability: 0.1


Current Episode: 24800
 Average reward over the last 100 episodes: 2.28
Last 100 episodes took time: 588.2378823757172
Current number of frames seen: 6403237
Current random action probability: 0.1


Current Episode: 24900
 Average reward over the last 100 episodes: 2.49
Last 100 episodes took time: 603.5598659515381
Current number of frames seen: 6429487
Current random action probability: 0.1


Current Episode: 25000
 Average reward over the last 100 episodes: 2.23
Last 100 episodes took time: 594.4073896408081
Current number of frames seen: 6455769
Current random action probability: 0.1


Current Episode: 25100
 Average reward over the last 100 episodes: 2.75
Last 100 episodes took time: 615.5790057182312
Current number of frames seen: 6482971
Current random action probability: 0.1


Current Episode: 25200
 Average reward over the last 100 episodes: 2.27
Last 100 episodes took time: 558.9442172050476
Current number of frames seen: 6507736
Current random action probability: 0.1


Current Episode: 25300
 Average reward over the last 100 episodes: 2.3
Last 100 episodes took time: 607.8663024902344
Current number of frames seen: 6534643
Current random action probability: 0.1


Current Episode: 25400
 Average reward over the last 100 episodes: 2.17
Last 100 episodes took time: 556.3334074020386
Current number of frames seen: 6559035
Current random action probability: 0.1


Current Episode: 25500
 Average reward over the last 100 episodes: 2.57
Last 100 episodes took time: 630.079211473465
Current number of frames seen: 6586566
Current random action probability: 0.1


Current Episode: 25600
 Average reward over the last 100 episodes: 2.45
Last 100 episodes took time: 576.459780216217
Current number of frames seen: 6611766
Current random action probability: 0.1


Current Episode: 25700
 Average reward over the last 100 episodes: 2.65
Last 100 episodes took time: 596.8506553173065
Current number of frames seen: 6638154
Current random action probability: 0.1


Current Episode: 25800
 Average reward over the last 100 episodes: 2.29
Last 100 episodes took time: 580.4337854385376
Current number of frames seen: 6663814
Current random action probability: 0.1


Current Episode: 25900
 Average reward over the last 100 episodes: 2.12
Last 100 episodes took time: 592.5789413452148
Current number of frames seen: 6689884
Current random action probability: 0.1


Current Episode: 26000
 Average reward over the last 100 episodes: 2.29
Last 100 episodes took time: 576.1184394359589
Current number of frames seen: 6715416
Current random action probability: 0.1


Current Episode: 26100
 Average reward over the last 100 episodes: 2.8
Last 100 episodes took time: 624.3542008399963
Current number of frames seen: 6742829
Current random action probability: 0.1


Current Episode: 26200
 Average reward over the last 100 episodes: 2.41
Last 100 episodes took time: 580.4333207607269
Current number of frames seen: 6768197
Current random action probability: 0.1


Current Episode: 26300
 Average reward over the last 100 episodes: 2.52
Last 100 episodes took time: 591.9283275604248
Current number of frames seen: 6793919
Current random action probability: 0.1


Current Episode: 26400
 Average reward over the last 100 episodes: 2.4
Last 100 episodes took time: 599.8734073638916
Current number of frames seen: 6820139
Current random action probability: 0.1


Current Episode: 26500
 Average reward over the last 100 episodes: 2.3
Last 100 episodes took time: 541.2372982501984
Current number of frames seen: 6843835
Current random action probability: 0.1


Current Episode: 26600
 Average reward over the last 100 episodes: 2.25
Last 100 episodes took time: 563.7301800251007
Current number of frames seen: 6868700
Current random action probability: 0.1


Current Episode: 26700
 Average reward over the last 100 episodes: 2.61
Last 100 episodes took time: 600.431512594223
Current number of frames seen: 6895210
Current random action probability: 0.1


Current Episode: 26800
 Average reward over the last 100 episodes: 2.39
Last 100 episodes took time: 596.3223648071289
Current number of frames seen: 6921369
Current random action probability: 0.1


Current Episode: 26900
 Average reward over the last 100 episodes: 1.96
Last 100 episodes took time: 570.211430311203
Current number of frames seen: 6946569
Current random action probability: 0.1


Current Episode: 27000
 Average reward over the last 100 episodes: 2.17
Last 100 episodes took time: 549.0902552604675
Current number of frames seen: 6970790
Current random action probability: 0.1


Current Episode: 27100
 Average reward over the last 100 episodes: 2.3
Last 100 episodes took time: 577.2332048416138
Current number of frames seen: 6996355
Current random action probability: 0.1


Current Episode: 27200
 Average reward over the last 100 episodes: 2.63
Last 100 episodes took time: 634.1197843551636
Current number of frames seen: 7024138
Current random action probability: 0.1


Current Episode: 27300
 Average reward over the last 100 episodes: 2.26
Last 100 episodes took time: 564.44651222229
Current number of frames seen: 7049060
Current random action probability: 0.1


Current Episode: 27400
 Average reward over the last 100 episodes: 2.16
Last 100 episodes took time: 606.7323632240295
Current number of frames seen: 7076028
Current random action probability: 0.1


Current Episode: 27500
 Average reward over the last 100 episodes: 2.71
Last 100 episodes took time: 634.2792057991028
Current number of frames seen: 7103791
Current random action probability: 0.1


Current Episode: 27600
 Average reward over the last 100 episodes: 2.39
Last 100 episodes took time: 587.5096852779388
Current number of frames seen: 7129781
Current random action probability: 0.1


Current Episode: 27700
 Average reward over the last 100 episodes: 2.25
Last 100 episodes took time: 603.6900360584259
Current number of frames seen: 7156358
Current random action probability: 0.1


Current Episode: 27800
 Average reward over the last 100 episodes: 2.28
Last 100 episodes took time: 578.4481899738312
Current number of frames seen: 7181749
Current random action probability: 0.1


Current Episode: 27900
 Average reward over the last 100 episodes: 2.45
Last 100 episodes took time: 607.6846642494202
Current number of frames seen: 7208498
Current random action probability: 0.1


Current Episode: 28000
 Average reward over the last 100 episodes: 2.45
Last 100 episodes took time: 584.0076625347137
Current number of frames seen: 7234265
Current random action probability: 0.1


Current Episode: 28100
 Average reward over the last 100 episodes: 2.33
Last 100 episodes took time: 580.2887020111084
Current number of frames seen: 7259838
Current random action probability: 0.1


Current Episode: 28200
 Average reward over the last 100 episodes: 2.44
Last 100 episodes took time: 583.9788675308228
Current number of frames seen: 7285408
Current random action probability: 0.1


Current Episode: 28300
 Average reward over the last 100 episodes: 2.4
Last 100 episodes took time: 576.6637299060822
Current number of frames seen: 7310941
Current random action probability: 0.1


Current Episode: 28400
 Average reward over the last 100 episodes: 2.36
Last 100 episodes took time: 582.913822889328
Current number of frames seen: 7336585
Current random action probability: 0.1


Current Episode: 28500
 Average reward over the last 100 episodes: 2.59
Last 100 episodes took time: 573.6255209445953
Current number of frames seen: 7362001
Current random action probability: 0.1


Current Episode: 28600
 Average reward over the last 100 episodes: 2.54
Last 100 episodes took time: 598.4682829380035
Current number of frames seen: 7388495
Current random action probability: 0.1


Current Episode: 28700
 Average reward over the last 100 episodes: 2.37
Last 100 episodes took time: 605.1191549301147
Current number of frames seen: 7414709
Current random action probability: 0.1


Current Episode: 28800
 Average reward over the last 100 episodes: 2.31
Last 100 episodes took time: 546.341658115387
Current number of frames seen: 7438697
Current random action probability: 0.1


Current Episode: 28900
 Average reward over the last 100 episodes: 2.16
Last 100 episodes took time: 561.9681403636932
Current number of frames seen: 7463371
Current random action probability: 0.1


Current Episode: 29000
 Average reward over the last 100 episodes: 2.41
Last 100 episodes took time: 599.2349855899811
Current number of frames seen: 7489782
Current random action probability: 0.1


Current Episode: 29100
 Average reward over the last 100 episodes: 2.16
Last 100 episodes took time: 609.793062210083
Current number of frames seen: 7516651
Current random action probability: 0.1


Current Episode: 29200
 Average reward over the last 100 episodes: 2.86
Last 100 episodes took time: 601.1350610256195
Current number of frames seen: 7543219
Current random action probability: 0.1


Current Episode: 29300
 Average reward over the last 100 episodes: 2.32
Last 100 episodes took time: 600.4510445594788
Current number of frames seen: 7569471
Current random action probability: 0.1


Current Episode: 29400
 Average reward over the last 100 episodes: 2.07
Last 100 episodes took time: 611.5997595787048
Current number of frames seen: 7595180
Current random action probability: 0.1


Current Episode: 29500
 Average reward over the last 100 episodes: 2.73
Last 100 episodes took time: 591.4132549762726
Current number of frames seen: 7620737
Current random action probability: 0.1


Current Episode: 29600
 Average reward over the last 100 episodes: 2.68
Last 100 episodes took time: 601.0878052711487
Current number of frames seen: 7647474
Current random action probability: 0.1


Current Episode: 29700
 Average reward over the last 100 episodes: 2.88
Last 100 episodes took time: 591.2187893390656
Current number of frames seen: 7673489
Current random action probability: 0.1


Current Episode: 29800
 Average reward over the last 100 episodes: 2.65
Last 100 episodes took time: 588.1070444583893
Current number of frames seen: 7699569
Current random action probability: 0.1


Current Episode: 29900
 Average reward over the last 100 episodes: 2.44
Last 100 episodes took time: 571.0118508338928
Current number of frames seen: 7724804
Current random action probability: 0.1


Best average models:  [(5.343434343434343, 'best_avg_models/trained5978'), (5.343434343434343, 'best_avg_models/trained5979'), (5.3232323232323235, 'best_avg_models/trained5980'), (5.3232323232323235, 'best_avg_models/trained5981'), (5.303030303030303, 'best_avg_models/trained5977'), (5.303030303030303, 'best_avg_models/trained5982'), (5.282828282828283, 'best_avg_models/trained5972'), (5.282828282828283, 'best_avg_models/trained5973'), (5.282828282828283, 'best_avg_models/trained5984'), (5.262626262626263, 'best_avg_models/trained5974')]
Best single iteration models:  [(16.0, 'best_single_models/trained17587'), (14.0, 'best_single_models/trained13295'), (14.0, 'best_single_models/trained17965'), (13.0, 'best_single_models/trained1868'), (13.0, 'best_single_models/trained22213'), (13.0, 'best_single_models/trained22448'), (12.0, 'best_single_models/trained1409'), (12.0, 'best_single_models/trained1950'), (12.0, 'best_single_models/trained2271'), (12.0, 'best_single_models/trained2644')]
Complete
